c:\users\silp3\source\repos\rabotka1515\rabotka1515\debug\vc142.pdb
c:\users\silp3\source\repos\rabotka1515\rabotka1515\debug\.netframework,version=v4.7.2.assemblyattributes.obj
c:\users\silp3\source\repos\rabotka1515\rabotka1515\debug\myform.obj
c:\users\silp3\source\repos\rabotka1515\rabotka1515\debug\integral.obj
c:\users\silp3\source\repos\rabotka1515\rabotka1515\debug\supertrans.obj
c:\users\silp3\source\repos\rabota2\rabotka1515\debug\vc142.pdb
c:\users\silp3\source\repos\rabota2\rabotka1515\debug\.netframework,version=v4.7.2.assemblyattributes.obj
c:\users\silp3\source\repos\rabota2\rabotka1515\debug\supertrans.obj
c:\users\silp3\source\repos\rabota2\rabotka1515\debug\myform.obj
c:\users\silp3\source\repos\rabota2\rabotka1515\debug\integral.obj
c:\users\silp3\source\repos\rabotka1515\debug\rabotka1515.exe
c:\users\silp3\source\repos\rabotka1515\debug\rabotka1515.pdb
c:\users\silp3\source\repos\rabota2\debug\rabotka1515.exe
c:\users\silp3\source\repos\rabota2\debug\rabotka1515.pdb
c:\users\silp3\source\repos\rabotka1515\rabotka1515\debug\rabotka1515.myform.resources
c:\users\silp3\source\repos\rabota2\rabotka1515\debug\rabotka1515.myform.resources
c:\users\silp3\source\repos\rabota2\rabotka1515\debug\calculator.obj
c:\users\silp3\source\repos\rabota2\rabotka1515\debug\rabotka1515.tlog\cl.command.1.tlog
c:\users\silp3\source\repos\rabota2\rabotka1515\debug\rabotka1515.tlog\cl.read.1.tlog
c:\users\silp3\source\repos\rabota2\rabotka1515\debug\rabotka1515.tlog\cl.write.1.tlog
c:\users\silp3\source\repos\rabota2\rabotka1515\debug\rabotka1515.tlog\link.command.1.tlog
c:\users\silp3\source\repos\rabota2\rabotka1515\debug\rabotka1515.tlog\link.read.1.tlog
c:\users\silp3\source\repos\rabota2\rabotka1515\debug\rabotka1515.tlog\link.write.1.tlog
c:\users\silp3\source\repos\rabota2\rabotka1515\debug\rabotka1515.tlog\metagen.read.1.tlog
c:\users\silp3\source\repos\rabota2\rabotka1515\debug\rabotka1515.tlog\metagen.write.1.tlog
c:\users\silp3\source\repos\rabota2\rabotka1515\debug\rabotka1515.tlog\rabotka1515.write.1u.tlog
